<?xml version="1.0" encoding="UTF-8"?>
<coverage generated="1772027541741" clover="3.2.0">
  <project timestamp="1772027541741" name="All files">
    <metrics statements="16" coveredstatements="14" conditionals="12" coveredconditionals="10" methods="6" coveredmethods="6" elements="34" coveredelements="30" complexity="0" loc="16" ncloc="16" packages="2" files="2" classes="2"/>
    <package name="Mock">
      <metrics statements="2" coveredstatements="2" conditionals="0" coveredconditionals="0" methods="1" coveredmethods="1"/>
      <file name="funciones.js" path="/home/advance/Documents/UNIR/CURSOS DISEÑO/SEMANA 5/ENERO 2026/Ejercicios en clase Febrero/Test/Mock/funciones.js">
        <metrics statements="2" coveredstatements="2" conditionals="0" coveredconditionals="0" methods="1" coveredmethods="1"/>
        <line num="3" count="1" type="stmt"/>
        <line num="6" count="1" type="stmt"/>
      </file>
    </package>
    <package name="Test">
      <metrics statements="14" coveredstatements="12" conditionals="12" coveredconditionals="10" methods="5" coveredmethods="5"/>
      <file name="funciones.js" path="/home/advance/Documents/UNIR/CURSOS DISEÑO/SEMANA 5/ENERO 2026/Ejercicios en clase Febrero/Test/Test/funciones.js">
        <metrics statements="14" coveredstatements="12" conditionals="12" coveredconditionals="10" methods="5" coveredmethods="5"/>
        <line num="4" count="2" type="stmt"/>
        <line num="9" count="2" type="cond" truecount="4" falsecount="0"/>
        <line num="10" count="1" type="stmt"/>
        <line num="12" count="1" type="stmt"/>
        <line num="16" count="1" type="cond" truecount="3" falsecount="1"/>
        <line num="17" count="0" type="stmt"/>
        <line num="19" count="1" type="cond" truecount="1" falsecount="1"/>
        <line num="20" count="1" type="stmt"/>
        <line num="22" count="0" type="stmt"/>
        <line num="27" count="1" type="stmt"/>
        <line num="32" count="2" type="cond" truecount="2" falsecount="0"/>
        <line num="33" count="1" type="stmt"/>
        <line num="35" count="1" type="stmt"/>
        <line num="38" count="1" type="stmt"/>
      </file>
    </package>
  </project>
</coverage>
