TN:
SF:Mock/funciones.js
FN:1,obtenerNombreCompleto
FNF:1
FNH:1
FNDA:1,obtenerNombreCompleto
DA:3,1
DA:6,1
LF:2
LH:2
BRF:0
BRH:0
end_of_record
TN:
SF:Test/funciones.js
FN:3,sumar
FN:8,multiplicar
FN:15,dividir
FN:26,crearSaludo
FN:31,potencia
FNF:5
FNH:5
FNDA:2,sumar
FNDA:2,multiplicar
FNDA:1,dividir
FNDA:1,crearSaludo
FNDA:2,potencia
DA:4,2
DA:9,2
DA:10,1
DA:12,1
DA:16,1
DA:17,0
DA:19,1
DA:20,1
DA:22,0
DA:27,1
DA:32,2
DA:33,1
DA:35,1
DA:38,1
LF:14
LH:12
BRDA:9,0,0,1
BRDA:9,0,1,1
BRDA:9,1,0,2
BRDA:9,1,1,2
BRDA:16,2,0,0
BRDA:16,2,1,1
BRDA:16,3,0,1
BRDA:16,3,1,1
BRDA:19,4,0,1
BRDA:19,4,1,0
BRDA:32,5,0,1
BRDA:32,5,1,1
BRF:12
BRH:10
end_of_record
